<?xml version="1.0" encoding="UTF-8"?>
<testng-results ignored="0" total="1" passed="1" failed="0" skipped="0">
  <reporter-output>
  </reporter-output>
  <suite started-at="2023-06-29T21:32:50 IST" name="Suite" finished-at="2023-06-29T21:33:07 IST" duration-ms="16814">
    <groups>
    </groups>
    <test started-at="2023-06-29T21:32:50 IST" name="Test" finished-at="2023-06-29T21:33:07 IST" duration-ms="16814">
      <class name="Ui_Tests.landing_page">
        <test-method is-config="true" signature="initializeframework()[pri:0, instance:Ui_Tests.landing_page@14028087]" started-at="2023-06-29T21:32:50 IST" name="initializeframework" finished-at="2023-06-29T21:32:50 IST" duration-ms="38" status="PASS">
          <reporter-output>
          </reporter-output>
        </test-method> <!-- initializeframework -->
        <test-method is-config="true" signature="setUp()[pri:0, instance:Ui_Tests.landing_page@14028087]" started-at="2023-06-29T21:32:50 IST" name="setUp" finished-at="2023-06-29T21:33:04 IST" duration-ms="13406" status="PASS">
          <reporter-output>
          </reporter-output>
        </test-method> <!-- setUp -->
        <test-method signature="clickLogin()[pri:0, instance:Ui_Tests.landing_page@14028087]" started-at="2023-06-29T21:33:04 IST" name="clickLogin" finished-at="2023-06-29T21:33:07 IST" duration-ms="3317" status="PASS">
          <reporter-output>
          </reporter-output>
        </test-method> <!-- clickLogin -->
        <test-method is-config="true" signature="Closeframework()[pri:0, instance:Ui_Tests.landing_page@14028087]" started-at="2023-06-29T21:33:07 IST" name="Closeframework" finished-at="2023-06-29T21:33:08 IST" duration-ms="754" status="PASS">
          <reporter-output>
          </reporter-output>
        </test-method> <!-- Closeframework -->
      </class> <!-- Ui_Tests.landing_page -->
    </test> <!-- Test -->
  </suite> <!-- Suite -->
</testng-results>
